[2022-05-16 19:24:54,016] multiqc                                            [DEBUG  ]  This is MultiQC v1.12
[2022-05-16 19:24:54,016] multiqc                                            [DEBUG  ]  No MultiQC config found: /usr/local/lib/python3.8/dist-packages/multiqc_config.yaml
[2022-05-16 19:24:54,016] multiqc                                            [DEBUG  ]  No MultiQC config found: /home/egle/.multiqc_config.yaml
[2022-05-16 19:24:54,016] multiqc                                            [DEBUG  ]  No MultiQC config found: multiqc_config.yaml
[2022-05-16 19:24:54,016] multiqc                                            [DEBUG  ]  Command used: /usr/local/bin/multiqc ./outputs/fastqc_trimmed/ -n outputs/multiqc_report_trimmed/Collibri_standard_protocol-HBR-Collibri-100_ng-2_S1_L001_R1_001_trimmed_multiqc_report.html
[2022-05-16 19:24:54,863] multiqc                                            [DEBUG  ]  Latest MultiQC version is v1.12
[2022-05-16 19:24:54,863] multiqc                                            [DEBUG  ]  Command     : /usr/local/bin/multiqc ./outputs/fastqc_trimmed/ -n outputs/multiqc_report_trimmed/Collibri_standard_protocol-HBR-Collibri-100_ng-2_S1_L001_R1_001_trimmed_multiqc_report.html
[2022-05-16 19:24:54,863] multiqc                                            [DEBUG  ]  Working dir : /home/egle/Desktop/SystemBiology/Transcriptomics/snake/collibri-snakemake
[2022-05-16 19:24:54,863] multiqc                                            [DEBUG  ]  Template    : default
[2022-05-16 19:24:54,863] multiqc                                            [DEBUG  ]  Running Python 3.8.10 (default, Mar 15 2022, 12:22:08)  [GCC 9.4.0]
[2022-05-16 19:24:54,864] multiqc                                            [DEBUG  ]  Analysing modules: custom_content, ccs, ngsderive, purple, conpair, lima, peddy, somalier, methylQA, mosdepth, phantompeakqualtools, qualimap, preseq, quast, qorts, rna_seqc, rockhopper, rsem, rseqc, busco, bustools, goleft_indexcov, gffcompare, disambiguate, supernova, deeptools, sargasso, verifybamid, mirtrace, happy, mirtop, sambamba, homer, hops, macs2, theta2, snpeff, gatk, htseq, bcftools, featureCounts, fgbio, dragen, dedup, pbmarkdup, damageprofiler, biobambam2, jcvi, mtnucratio, picard, vep, sentieon, prokka, qc3C, nanostat, samblaster, samtools, sexdeterrmine, eigenstratdatabasetools, bamtools, jellyfish, vcftools, longranger, stacks, varscan2, snippy, bbmap, bismark, biscuit, hicexplorer, hicup, hicpro, salmon, kallisto, slamdunk, star, hisat2, tophat, bowtie2, bowtie1, snpsplit, odgi, pangolin, kat, leehom, adapterRemoval, clipandmerge, cutadapt, flexbar, kaiju, kraken, malt, trimmomatic, sickle, skewer, sortmerna, biobloomtools, fastq_screen, afterqc, fastp, fastqc, pychopper, pycoqc, minionqc, multivcfanalyzer, clusterflow, checkqc, bcl2fastq, bclconvert, interop, ivar, flash, seqyclean, optitype, whatshap
[2022-05-16 19:24:54,864] multiqc                                            [DEBUG  ]  Using temporary directory for creating report: /tmp/tmpee0ad_j5
[2022-05-16 19:24:54,970] multiqc                                            [INFO   ]  Search path : /home/egle/Desktop/SystemBiology/Transcriptomics/snake/collibri-snakemake/outputs/fastqc_trimmed
[2022-05-16 19:24:55,026] multiqc                                            [DEBUG  ]  File ignored by ccs/v4 because it exceeded search pattern filesize limit: KAPA_mRNA_HyperPrep_-UHRR-KAPA-100_ng_total_RNA-3_S8_L001_R2_001_trimmed_fastqc.html
[2022-05-16 19:24:55,027] multiqc                                            [DEBUG  ]  File ignored by hicexplorer because it exceeded search pattern filesize limit: KAPA_mRNA_HyperPrep_-UHRR-KAPA-100_ng_total_RNA-3_S8_L001_R2_001_trimmed_fastqc.html
[2022-05-16 19:24:55,027] multiqc                                            [DEBUG  ]  File ignored by lima/summary because it exceeded search pattern filesize limit: KAPA_mRNA_HyperPrep_-UHRR-KAPA-100_ng_total_RNA-3_S8_L001_R2_001_trimmed_fastqc.html
[2022-05-16 19:24:55,029] multiqc                                            [DEBUG  ]  File ignored by vep/vep_txt because it exceeded search pattern filesize limit: KAPA_mRNA_HyperPrep_-UHRR-KAPA-100_ng_total_RNA-3_S8_L001_R2_001_trimmed_fastqc.html
[2022-05-16 19:24:55,030] multiqc                                            [DEBUG  ]  File ignored by longranger/invocation because it exceeded search pattern filesize limit: KAPA_mRNA_HyperPrep_-UHRR-KAPA-100_ng_total_RNA-3_S8_L001_R2_001_trimmed_fastqc.html
[2022-05-16 19:24:55,030] multiqc                                            [DEBUG  ]  File ignored by rockhopper because it exceeded search pattern filesize limit: KAPA_mRNA_HyperPrep_-UHRR-KAPA-100_ng_total_RNA-3_S8_L001_R2_001_trimmed_fastqc.html
[2022-05-16 19:24:55,030] multiqc                                            [DEBUG  ]  File ignored by rseqc/bam_stat because it exceeded search pattern filesize limit: KAPA_mRNA_HyperPrep_-UHRR-KAPA-100_ng_total_RNA-3_S8_L001_R2_001_trimmed_fastqc.html
[2022-05-16 19:24:55,030] multiqc                                            [DEBUG  ]  File ignored by rseqc/junction_annotation because it exceeded search pattern filesize limit: KAPA_mRNA_HyperPrep_-UHRR-KAPA-100_ng_total_RNA-3_S8_L001_R2_001_trimmed_fastqc.html
[2022-05-16 19:24:55,030] multiqc                                            [DEBUG  ]  File ignored by rseqc/read_distribution because it exceeded search pattern filesize limit: KAPA_mRNA_HyperPrep_-UHRR-KAPA-100_ng_total_RNA-3_S8_L001_R2_001_trimmed_fastqc.html
[2022-05-16 19:24:55,030] multiqc                                            [DEBUG  ]  File ignored by rseqc/infer_experiment because it exceeded search pattern filesize limit: KAPA_mRNA_HyperPrep_-UHRR-KAPA-100_ng_total_RNA-3_S8_L001_R2_001_trimmed_fastqc.html
[2022-05-16 19:24:55,083] multiqc                                            [DEBUG  ]  File ignored by nanostat because it exceeded search pattern filesize limit: KAPA_mRNA_HyperPrep_-UHRR-KAPA-100_ng_total_RNA-3_S8_L001_R2_001_trimmed_fastqc.html
[2022-05-16 19:24:55,096] multiqc                                            [DEBUG  ]  File ignored by ccs/v4 because it exceeded search pattern filesize limit: Collibri_standard_protocol-HBR-Collibri-100_ng-2_S1_L001_R1_001_trimmed_fastqc.html
[2022-05-16 19:24:55,097] multiqc                                            [DEBUG  ]  File ignored by hicexplorer because it exceeded search pattern filesize limit: Collibri_standard_protocol-HBR-Collibri-100_ng-2_S1_L001_R1_001_trimmed_fastqc.html
[2022-05-16 19:24:55,097] multiqc                                            [DEBUG  ]  File ignored by lima/summary because it exceeded search pattern filesize limit: Collibri_standard_protocol-HBR-Collibri-100_ng-2_S1_L001_R1_001_trimmed_fastqc.html
[2022-05-16 19:24:55,098] multiqc                                            [DEBUG  ]  File ignored by vep/vep_txt because it exceeded search pattern filesize limit: Collibri_standard_protocol-HBR-Collibri-100_ng-2_S1_L001_R1_001_trimmed_fastqc.html
[2022-05-16 19:24:55,098] multiqc                                            [DEBUG  ]  File ignored by longranger/invocation because it exceeded search pattern filesize limit: Collibri_standard_protocol-HBR-Collibri-100_ng-2_S1_L001_R1_001_trimmed_fastqc.html
[2022-05-16 19:24:55,098] multiqc                                            [DEBUG  ]  File ignored by rockhopper because it exceeded search pattern filesize limit: Collibri_standard_protocol-HBR-Collibri-100_ng-2_S1_L001_R1_001_trimmed_fastqc.html
[2022-05-16 19:24:55,098] multiqc                                            [DEBUG  ]  File ignored by rseqc/bam_stat because it exceeded search pattern filesize limit: Collibri_standard_protocol-HBR-Collibri-100_ng-2_S1_L001_R1_001_trimmed_fastqc.html
[2022-05-16 19:24:55,098] multiqc                                            [DEBUG  ]  File ignored by rseqc/junction_annotation because it exceeded search pattern filesize limit: Collibri_standard_protocol-HBR-Collibri-100_ng-2_S1_L001_R1_001_trimmed_fastqc.html
[2022-05-16 19:24:55,098] multiqc                                            [DEBUG  ]  File ignored by rseqc/read_distribution because it exceeded search pattern filesize limit: Collibri_standard_protocol-HBR-Collibri-100_ng-2_S1_L001_R1_001_trimmed_fastqc.html
[2022-05-16 19:24:55,098] multiqc                                            [DEBUG  ]  File ignored by rseqc/infer_experiment because it exceeded search pattern filesize limit: Collibri_standard_protocol-HBR-Collibri-100_ng-2_S1_L001_R1_001_trimmed_fastqc.html
[2022-05-16 19:24:55,151] multiqc                                            [DEBUG  ]  File ignored by nanostat because it exceeded search pattern filesize limit: Collibri_standard_protocol-HBR-Collibri-100_ng-2_S1_L001_R1_001_trimmed_fastqc.html
[2022-05-16 19:24:55,158] multiqc                                            [DEBUG  ]  File ignored by ccs/v4 because it exceeded search pattern filesize limit: Collibri_standard_protocol-HBR-Collibri-100_ng-2_S1_L001_R2_001_trimmed_fastqc.html
[2022-05-16 19:24:55,158] multiqc                                            [DEBUG  ]  File ignored by hicexplorer because it exceeded search pattern filesize limit: Collibri_standard_protocol-HBR-Collibri-100_ng-2_S1_L001_R2_001_trimmed_fastqc.html
[2022-05-16 19:24:55,159] multiqc                                            [DEBUG  ]  File ignored by lima/summary because it exceeded search pattern filesize limit: Collibri_standard_protocol-HBR-Collibri-100_ng-2_S1_L001_R2_001_trimmed_fastqc.html
[2022-05-16 19:24:55,160] multiqc                                            [DEBUG  ]  File ignored by vep/vep_txt because it exceeded search pattern filesize limit: Collibri_standard_protocol-HBR-Collibri-100_ng-2_S1_L001_R2_001_trimmed_fastqc.html
[2022-05-16 19:24:55,160] multiqc                                            [DEBUG  ]  File ignored by longranger/invocation because it exceeded search pattern filesize limit: Collibri_standard_protocol-HBR-Collibri-100_ng-2_S1_L001_R2_001_trimmed_fastqc.html
[2022-05-16 19:24:55,160] multiqc                                            [DEBUG  ]  File ignored by rockhopper because it exceeded search pattern filesize limit: Collibri_standard_protocol-HBR-Collibri-100_ng-2_S1_L001_R2_001_trimmed_fastqc.html
[2022-05-16 19:24:55,160] multiqc                                            [DEBUG  ]  File ignored by rseqc/bam_stat because it exceeded search pattern filesize limit: Collibri_standard_protocol-HBR-Collibri-100_ng-2_S1_L001_R2_001_trimmed_fastqc.html
[2022-05-16 19:24:55,160] multiqc                                            [DEBUG  ]  File ignored by rseqc/junction_annotation because it exceeded search pattern filesize limit: Collibri_standard_protocol-HBR-Collibri-100_ng-2_S1_L001_R2_001_trimmed_fastqc.html
[2022-05-16 19:24:55,160] multiqc                                            [DEBUG  ]  File ignored by rseqc/read_distribution because it exceeded search pattern filesize limit: Collibri_standard_protocol-HBR-Collibri-100_ng-2_S1_L001_R2_001_trimmed_fastqc.html
[2022-05-16 19:24:55,160] multiqc                                            [DEBUG  ]  File ignored by rseqc/infer_experiment because it exceeded search pattern filesize limit: Collibri_standard_protocol-HBR-Collibri-100_ng-2_S1_L001_R2_001_trimmed_fastqc.html
[2022-05-16 19:24:55,208] multiqc                                            [DEBUG  ]  File ignored by nanostat because it exceeded search pattern filesize limit: Collibri_standard_protocol-HBR-Collibri-100_ng-2_S1_L001_R2_001_trimmed_fastqc.html
[2022-05-16 19:24:55,859] multiqc.plots.linegraph                            [DEBUG  ]  Using matplotlib version 3.5.1
[2022-05-16 19:24:55,859] multiqc.plots.bargraph                             [DEBUG  ]  Using matplotlib version 3.5.1
[2022-05-16 19:24:56,218] multiqc.modules.fastqc.fastqc                      [INFO   ]  Found 3 reports
[2022-05-16 19:24:56,260] multiqc                                            [INFO   ]  Compressing plot data
[2022-05-16 19:24:56,304] multiqc                                            [INFO   ]  Report      : outputs/multiqc_report_trimmed/Collibri_standard_protocol-HBR-Collibri-100_ng-2_S1_L001_R1_001_trimmed_multiqc_report.html
[2022-05-16 19:24:56,304] multiqc                                            [INFO   ]  Data        : outputs/multiqc_report_trimmed/Collibri_standard_protocol-HBR-Collibri-100_ng-2_S1_L001_R1_001_trimmed_multiqc_report_data
[2022-05-16 19:24:56,304] multiqc                                            [DEBUG  ]  Moving data file from '/tmp/tmpee0ad_j5/multiqc_data' to '/home/egle/Desktop/SystemBiology/Transcriptomics/snake/collibri-snakemake/outputs/multiqc_report_trimmed/Collibri_standard_protocol-HBR-Collibri-100_ng-2_S1_L001_R1_001_trimmed_multiqc_report_data'
[2022-05-16 19:24:56,403] multiqc                                            [INFO   ]  MultiQC complete
