Building DAG of jobs...
Relative file path './data/adapters.fa' starts with './'. This is redundant and strongly discouraged. It can also lead to inconsistent results of the file-matching approach used by Snakemake. You can simply omit the './' for relative file paths.
Relative file path './data/adapters.fa' starts with './'. This is redundant and strongly discouraged. It can also lead to inconsistent results of the file-matching approach used by Snakemake. You can simply omit the './' for relative file paths.
Using shell: /usr/bin/bash
Provided cores: 1 (use --cores to define parallelism)
Rules claiming more threads will be scaled down.
Job stats:
job           count    min threads    max threads
----------  -------  -------------  -------------
all               1              1              1
trim_bbduk        2              1              1
total             3              1              1

Select jobs to execute...

[Mon May 16 19:08:57 2022]
rule trim_bbduk:
    input: data/samples/Collibri_standard_protocol-HBR-Collibri-100_ng-2_S1_L001_R1_001.fastq, data/samples/Collibri_standard_protocol-HBR-Collibri-100_ng-2_S1_L001_R2_001.fastq, ./data/adapters.fa
    output: outputs/trimmed_reads/Collibri_standard_protocol-HBR-Collibri-100_ng-2_S1_L001_R1_001_trimmed.fastq, outputs/trimmed_reads/Collibri_standard_protocol-HBR-Collibri-100_ng-2_S1_L001_R2_001_trimmed.fastq
    jobid: 1
    wildcards: samplename=Collibri_standard_protocol-HBR-Collibri-100_ng-2_S1_L001_R
    resources: tmpdir=/tmp

[Mon May 16 19:08:59 2022]
Finished job 1.
1 of 3 steps (33%) done
Select jobs to execute...

[Mon May 16 19:08:59 2022]
rule trim_bbduk:
    input: data/samples/KAPA_mRNA_HyperPrep_-UHRR-KAPA-100_ng_total_RNA-3_S8_L001_R1_001.fastq, data/samples/KAPA_mRNA_HyperPrep_-UHRR-KAPA-100_ng_total_RNA-3_S8_L001_R2_001.fastq, ./data/adapters.fa
    output: outputs/trimmed_reads/KAPA_mRNA_HyperPrep_-UHRR-KAPA-100_ng_total_RNA-3_S8_L001_R1_001_trimmed.fastq, outputs/trimmed_reads/KAPA_mRNA_HyperPrep_-UHRR-KAPA-100_ng_total_RNA-3_S8_L001_R2_001_trimmed.fastq
    jobid: 2
    wildcards: samplename=KAPA_mRNA_HyperPrep_-UHRR-KAPA-100_ng_total_RNA-3_S8_L001_R
    resources: tmpdir=/tmp

[Mon May 16 19:09:02 2022]
Finished job 2.
2 of 3 steps (67%) done
Select jobs to execute...

[Mon May 16 19:09:02 2022]
localrule all:
    input: outputs/trimmed_reads/Collibri_standard_protocol-HBR-Collibri-100_ng-2_S1_L001_R1_001_trimmed.fastq, outputs/trimmed_reads/KAPA_mRNA_HyperPrep_-UHRR-KAPA-100_ng_total_RNA-3_S8_L001_R1_001_trimmed.fastq, outputs/trimmed_reads/Collibri_standard_protocol-HBR-Collibri-100_ng-2_S1_L001_R2_001_trimmed.fastq, outputs/trimmed_reads/KAPA_mRNA_HyperPrep_-UHRR-KAPA-100_ng_total_RNA-3_S8_L001_R2_001_trimmed.fastq
    jobid: 0
    resources: tmpdir=/tmp

[Mon May 16 19:09:02 2022]
Finished job 0.
3 of 3 steps (100%) done
Complete log: /home/egle/Desktop/SystemBiology/Transcriptomics/snake/collibri-snakemake/.snakemake/log/2022-05-16T190857.181177.snakemake.log
