Building DAG of jobs...
Relative file path './data/adapters.fa' starts with './'. This is redundant and strongly discouraged. It can also lead to inconsistent results of the file-matching approach used by Snakemake. You can simply omit the './' for relative file paths.
Relative file path './data/adapters.fa' starts with './'. This is redundant and strongly discouraged. It can also lead to inconsistent results of the file-matching approach used by Snakemake. You can simply omit the './' for relative file paths.
Relative file path './data/adapters.fa' starts with './'. This is redundant and strongly discouraged. It can also lead to inconsistent results of the file-matching approach used by Snakemake. You can simply omit the './' for relative file paths.
Relative file path './data/adapters.fa' starts with './'. This is redundant and strongly discouraged. It can also lead to inconsistent results of the file-matching approach used by Snakemake. You can simply omit the './' for relative file paths.
Using shell: /usr/bin/bash
Provided cores: 1 (use --cores to define parallelism)
Rules claiming more threads will be scaled down.
Job stats:
job                count    min threads    max threads
---------------  -------  -------------  -------------
all                    1              1              1
trim_bbduk             4              1              1
trimmed_fastqc         4              1              1
trimmed_multiqc        4              1              1
total                 13              1              1

Select jobs to execute...

[Mon May 16 19:22:10 2022]
rule trim_bbduk:
    input: data/samples/Collibri_standard_protocol-HBR-Collibri-100_ng-2_S1_L001_R2_001.fastq, ./data/adapters.fa
    output: outputs/trimmed_reads/Collibri_standard_protocol-HBR-Collibri-100_ng-2_S1_L001_R2_001_trimmed.fastq
    jobid: 6
    wildcards: sample=Collibri_standard_protocol-HBR-Collibri-100_ng-2_S1_L001_R2_001
    resources: tmpdir=/tmp

[Mon May 16 19:22:11 2022]
Finished job 6.
1 of 13 steps (8%) done
Select jobs to execute...

[Mon May 16 19:22:11 2022]
rule trimmed_fastqc:
    input: outputs/trimmed_reads/Collibri_standard_protocol-HBR-Collibri-100_ng-2_S1_L001_R2_001_trimmed.fastq
    output: outputs/fastqc_trimmed/Collibri_standard_protocol-HBR-Collibri-100_ng-2_S1_L001_R2_001_trimmed_fastqc.html, outputs/fastqc_trimmed/Collibri_standard_protocol-HBR-Collibri-100_ng-2_S1_L001_R2_001_trimmed_fastqc.zip
    jobid: 5
    wildcards: sample=Collibri_standard_protocol-HBR-Collibri-100_ng-2_S1_L001_R2_001
    resources: tmpdir=/tmp

[Mon May 16 19:22:15 2022]
Finished job 5.
2 of 13 steps (15%) done
Select jobs to execute...

[Mon May 16 19:22:15 2022]
rule trimmed_multiqc:
    input: outputs/fastqc_trimmed/Collibri_standard_protocol-HBR-Collibri-100_ng-2_S1_L001_R2_001_trimmed_fastqc.html, outputs/fastqc_trimmed/Collibri_standard_protocol-HBR-Collibri-100_ng-2_S1_L001_R2_001_trimmed_fastqc.zip
    output: outputs/multiqc_report_trimmed/Collibri_standard_protocol-HBR-Collibri-100_ng-2_S1_L001_R2_001_trimmed_multiqc_report.html
    jobid: 4
    wildcards: sample=Collibri_standard_protocol-HBR-Collibri-100_ng-2_S1_L001_R2_001
    resources: tmpdir=/tmp

[Mon May 16 19:22:18 2022]
Finished job 4.
3 of 13 steps (23%) done
Select jobs to execute...

[Mon May 16 19:22:19 2022]
rule trim_bbduk:
    input: data/samples/Collibri_standard_protocol-HBR-Collibri-100_ng-2_S1_L001_R1_001.fastq, ./data/adapters.fa
    output: outputs/trimmed_reads/Collibri_standard_protocol-HBR-Collibri-100_ng-2_S1_L001_R1_001_trimmed.fastq
    jobid: 3
    wildcards: sample=Collibri_standard_protocol-HBR-Collibri-100_ng-2_S1_L001_R1_001
    resources: tmpdir=/tmp

[Mon May 16 19:22:20 2022]
Finished job 3.
4 of 13 steps (31%) done
Select jobs to execute...

[Mon May 16 19:22:20 2022]
rule trimmed_fastqc:
    input: outputs/trimmed_reads/Collibri_standard_protocol-HBR-Collibri-100_ng-2_S1_L001_R1_001_trimmed.fastq
    output: outputs/fastqc_trimmed/Collibri_standard_protocol-HBR-Collibri-100_ng-2_S1_L001_R1_001_trimmed_fastqc.html, outputs/fastqc_trimmed/Collibri_standard_protocol-HBR-Collibri-100_ng-2_S1_L001_R1_001_trimmed_fastqc.zip
    jobid: 2
    wildcards: sample=Collibri_standard_protocol-HBR-Collibri-100_ng-2_S1_L001_R1_001
    resources: tmpdir=/tmp

[Mon May 16 19:22:24 2022]
Finished job 2.
5 of 13 steps (38%) done
Select jobs to execute...

[Mon May 16 19:22:24 2022]
rule trimmed_multiqc:
    input: outputs/fastqc_trimmed/Collibri_standard_protocol-HBR-Collibri-100_ng-2_S1_L001_R1_001_trimmed_fastqc.html, outputs/fastqc_trimmed/Collibri_standard_protocol-HBR-Collibri-100_ng-2_S1_L001_R1_001_trimmed_fastqc.zip
    output: outputs/multiqc_report_trimmed/Collibri_standard_protocol-HBR-Collibri-100_ng-2_S1_L001_R1_001_trimmed_multiqc_report.html
    jobid: 1
    wildcards: sample=Collibri_standard_protocol-HBR-Collibri-100_ng-2_S1_L001_R1_001
    resources: tmpdir=/tmp

[Mon May 16 19:22:27 2022]
Finished job 1.
6 of 13 steps (46%) done
Select jobs to execute...

[Mon May 16 19:22:27 2022]
rule trim_bbduk:
    input: data/samples/KAPA_mRNA_HyperPrep_-UHRR-KAPA-100_ng_total_RNA-3_S8_L001_R2_001.fastq, ./data/adapters.fa
    output: outputs/trimmed_reads/KAPA_mRNA_HyperPrep_-UHRR-KAPA-100_ng_total_RNA-3_S8_L001_R2_001_trimmed.fastq
    jobid: 12
    wildcards: sample=KAPA_mRNA_HyperPrep_-UHRR-KAPA-100_ng_total_RNA-3_S8_L001_R2_001
    resources: tmpdir=/tmp

[Mon May 16 19:22:28 2022]
Finished job 12.
7 of 13 steps (54%) done
Select jobs to execute...

[Mon May 16 19:22:28 2022]
rule trimmed_fastqc:
    input: outputs/trimmed_reads/KAPA_mRNA_HyperPrep_-UHRR-KAPA-100_ng_total_RNA-3_S8_L001_R2_001_trimmed.fastq
    output: outputs/fastqc_trimmed/KAPA_mRNA_HyperPrep_-UHRR-KAPA-100_ng_total_RNA-3_S8_L001_R2_001_trimmed_fastqc.html, outputs/fastqc_trimmed/KAPA_mRNA_HyperPrep_-UHRR-KAPA-100_ng_total_RNA-3_S8_L001_R2_001_trimmed_fastqc.zip
    jobid: 11
    wildcards: sample=KAPA_mRNA_HyperPrep_-UHRR-KAPA-100_ng_total_RNA-3_S8_L001_R2_001
    resources: tmpdir=/tmp

[Mon May 16 19:22:34 2022]
Finished job 11.
8 of 13 steps (62%) done
Select jobs to execute...

[Mon May 16 19:22:34 2022]
rule trimmed_multiqc:
    input: outputs/fastqc_trimmed/KAPA_mRNA_HyperPrep_-UHRR-KAPA-100_ng_total_RNA-3_S8_L001_R2_001_trimmed_fastqc.html, outputs/fastqc_trimmed/KAPA_mRNA_HyperPrep_-UHRR-KAPA-100_ng_total_RNA-3_S8_L001_R2_001_trimmed_fastqc.zip
    output: outputs/multiqc_report_trimmed/KAPA_mRNA_HyperPrep_-UHRR-KAPA-100_ng_total_RNA-3_S8_L001_R2_001_trimmed_multiqc_report.html
    jobid: 10
    wildcards: sample=KAPA_mRNA_HyperPrep_-UHRR-KAPA-100_ng_total_RNA-3_S8_L001_R2_001
    resources: tmpdir=/tmp

[Mon May 16 19:22:36 2022]
Finished job 10.
9 of 13 steps (69%) done
Select jobs to execute...

[Mon May 16 19:22:36 2022]
rule trim_bbduk:
    input: data/samples/KAPA_mRNA_HyperPrep_-UHRR-KAPA-100_ng_total_RNA-3_S8_L001_R1_001.fastq, ./data/adapters.fa
    output: outputs/trimmed_reads/KAPA_mRNA_HyperPrep_-UHRR-KAPA-100_ng_total_RNA-3_S8_L001_R1_001_trimmed.fastq
    jobid: 9
    wildcards: sample=KAPA_mRNA_HyperPrep_-UHRR-KAPA-100_ng_total_RNA-3_S8_L001_R1_001
    resources: tmpdir=/tmp

[Mon May 16 19:22:38 2022]
Finished job 9.
10 of 13 steps (77%) done
Select jobs to execute...

[Mon May 16 19:22:38 2022]
rule trimmed_fastqc:
    input: outputs/trimmed_reads/KAPA_mRNA_HyperPrep_-UHRR-KAPA-100_ng_total_RNA-3_S8_L001_R1_001_trimmed.fastq
    output: outputs/fastqc_trimmed/KAPA_mRNA_HyperPrep_-UHRR-KAPA-100_ng_total_RNA-3_S8_L001_R1_001_trimmed_fastqc.html, outputs/fastqc_trimmed/KAPA_mRNA_HyperPrep_-UHRR-KAPA-100_ng_total_RNA-3_S8_L001_R1_001_trimmed_fastqc.zip
    jobid: 8
    wildcards: sample=KAPA_mRNA_HyperPrep_-UHRR-KAPA-100_ng_total_RNA-3_S8_L001_R1_001
    resources: tmpdir=/tmp

[Mon May 16 19:22:43 2022]
Finished job 8.
11 of 13 steps (85%) done
Select jobs to execute...

[Mon May 16 19:22:43 2022]
rule trimmed_multiqc:
    input: outputs/fastqc_trimmed/KAPA_mRNA_HyperPrep_-UHRR-KAPA-100_ng_total_RNA-3_S8_L001_R1_001_trimmed_fastqc.html, outputs/fastqc_trimmed/KAPA_mRNA_HyperPrep_-UHRR-KAPA-100_ng_total_RNA-3_S8_L001_R1_001_trimmed_fastqc.zip
    output: outputs/multiqc_report_trimmed/KAPA_mRNA_HyperPrep_-UHRR-KAPA-100_ng_total_RNA-3_S8_L001_R1_001_trimmed_multiqc_report.html
    jobid: 7
    wildcards: sample=KAPA_mRNA_HyperPrep_-UHRR-KAPA-100_ng_total_RNA-3_S8_L001_R1_001
    resources: tmpdir=/tmp

[Mon May 16 19:22:46 2022]
Finished job 7.
12 of 13 steps (92%) done
Select jobs to execute...

[Mon May 16 19:22:46 2022]
localrule all:
    input: outputs/multiqc_report_trimmed/Collibri_standard_protocol-HBR-Collibri-100_ng-2_S1_L001_R1_001_trimmed_multiqc_report.html, outputs/multiqc_report_trimmed/Collibri_standard_protocol-HBR-Collibri-100_ng-2_S1_L001_R2_001_trimmed_multiqc_report.html, outputs/multiqc_report_trimmed/KAPA_mRNA_HyperPrep_-UHRR-KAPA-100_ng_total_RNA-3_S8_L001_R1_001_trimmed_multiqc_report.html, outputs/multiqc_report_trimmed/KAPA_mRNA_HyperPrep_-UHRR-KAPA-100_ng_total_RNA-3_S8_L001_R2_001_trimmed_multiqc_report.html
    jobid: 0
    resources: tmpdir=/tmp

[Mon May 16 19:22:46 2022]
Finished job 0.
13 of 13 steps (100%) done
Complete log: /home/egle/Desktop/SystemBiology/Transcriptomics/snake/collibri-snakemake/.snakemake/log/2022-05-16T192210.271901.snakemake.log
