Building DAG of jobs...
Relative file path './data/adapters.fa' starts with './'. This is redundant and strongly discouraged. It can also lead to inconsistent results of the file-matching approach used by Snakemake. You can simply omit the './' for relative file paths.
Relative file path './data/adapters.fa' starts with './'. This is redundant and strongly discouraged. It can also lead to inconsistent results of the file-matching approach used by Snakemake. You can simply omit the './' for relative file paths.
Relative file path './data/adapters.fa' starts with './'. This is redundant and strongly discouraged. It can also lead to inconsistent results of the file-matching approach used by Snakemake. You can simply omit the './' for relative file paths.
Relative file path './data/adapters.fa' starts with './'. This is redundant and strongly discouraged. It can also lead to inconsistent results of the file-matching approach used by Snakemake. You can simply omit the './' for relative file paths.
Using shell: /usr/bin/bash
Provided cores: 1 (use --cores to define parallelism)
Rules claiming more threads will be scaled down.
Job stats:
job                count    min threads    max threads
---------------  -------  -------------  -------------
all                    1              1              1
raw_fastqc             4              1              1
raw_multiqc            4              1              1
trim_bbduk             4              1              1
trimmed_fastqc         4              1              1
trimmed_multiqc        4              1              1
total                 21              1              1

Select jobs to execute...

[Mon May 16 19:23:55 2022]
rule raw_fastqc:
    input: data/samples/Collibri_standard_protocol-HBR-Collibri-100_ng-2_S1_L001_R1_001.fastq
    output: outputs/fastqc_raw/Collibri_standard_protocol-HBR-Collibri-100_ng-2_S1_L001_R1_001_fastqc.html, outputs/fastqc_raw/Collibri_standard_protocol-HBR-Collibri-100_ng-2_S1_L001_R1_001_fastqc.zip
    jobid: 5
    wildcards: sample=Collibri_standard_protocol-HBR-Collibri-100_ng-2_S1_L001_R1_001
    resources: tmpdir=/tmp

[Mon May 16 19:23:59 2022]
Finished job 5.
1 of 21 steps (5%) done
Select jobs to execute...

[Mon May 16 19:24:00 2022]
rule raw_multiqc:
    input: outputs/fastqc_raw/Collibri_standard_protocol-HBR-Collibri-100_ng-2_S1_L001_R1_001_fastqc.html, outputs/fastqc_raw/Collibri_standard_protocol-HBR-Collibri-100_ng-2_S1_L001_R1_001_fastqc.zip
    output: outputs/multiqc_report_raw/Collibri_standard_protocol-HBR-Collibri-100_ng-2_S1_L001_R1_001_multiqc_report.html
    jobid: 4
    wildcards: sample=Collibri_standard_protocol-HBR-Collibri-100_ng-2_S1_L001_R1_001
    resources: tmpdir=/tmp

[Mon May 16 19:24:02 2022]
Finished job 4.
2 of 21 steps (10%) done
Select jobs to execute...

[Mon May 16 19:24:02 2022]
rule raw_fastqc:
    input: data/samples/KAPA_mRNA_HyperPrep_-UHRR-KAPA-100_ng_total_RNA-3_S8_L001_R2_001.fastq
    output: outputs/fastqc_raw/KAPA_mRNA_HyperPrep_-UHRR-KAPA-100_ng_total_RNA-3_S8_L001_R2_001_fastqc.html, outputs/fastqc_raw/KAPA_mRNA_HyperPrep_-UHRR-KAPA-100_ng_total_RNA-3_S8_L001_R2_001_fastqc.zip
    jobid: 20
    wildcards: sample=KAPA_mRNA_HyperPrep_-UHRR-KAPA-100_ng_total_RNA-3_S8_L001_R2_001
    resources: tmpdir=/tmp

[Mon May 16 19:24:07 2022]
Finished job 20.
3 of 21 steps (14%) done
Select jobs to execute...

[Mon May 16 19:24:07 2022]
rule raw_multiqc:
    input: outputs/fastqc_raw/KAPA_mRNA_HyperPrep_-UHRR-KAPA-100_ng_total_RNA-3_S8_L001_R2_001_fastqc.html, outputs/fastqc_raw/KAPA_mRNA_HyperPrep_-UHRR-KAPA-100_ng_total_RNA-3_S8_L001_R2_001_fastqc.zip
    output: outputs/multiqc_report_raw/KAPA_mRNA_HyperPrep_-UHRR-KAPA-100_ng_total_RNA-3_S8_L001_R2_001_multiqc_report.html
    jobid: 19
    wildcards: sample=KAPA_mRNA_HyperPrep_-UHRR-KAPA-100_ng_total_RNA-3_S8_L001_R2_001
    resources: tmpdir=/tmp

[Mon May 16 19:24:10 2022]
Finished job 19.
4 of 21 steps (19%) done
Select jobs to execute...

[Mon May 16 19:24:10 2022]
rule trim_bbduk:
    input: outputs/multiqc_report_raw/KAPA_mRNA_HyperPrep_-UHRR-KAPA-100_ng_total_RNA-3_S8_L001_R2_001_multiqc_report.html, data/samples/KAPA_mRNA_HyperPrep_-UHRR-KAPA-100_ng_total_RNA-3_S8_L001_R2_001.fastq, ./data/adapters.fa
    output: outputs/trimmed_reads/KAPA_mRNA_HyperPrep_-UHRR-KAPA-100_ng_total_RNA-3_S8_L001_R2_001_trimmed.fastq
    jobid: 18
    wildcards: sample=KAPA_mRNA_HyperPrep_-UHRR-KAPA-100_ng_total_RNA-3_S8_L001_R2_001
    resources: tmpdir=/tmp

[Mon May 16 19:24:11 2022]
Finished job 18.
5 of 21 steps (24%) done
Select jobs to execute...

[Mon May 16 19:24:11 2022]
rule trimmed_fastqc:
    input: outputs/trimmed_reads/KAPA_mRNA_HyperPrep_-UHRR-KAPA-100_ng_total_RNA-3_S8_L001_R2_001_trimmed.fastq
    output: outputs/fastqc_trimmed/KAPA_mRNA_HyperPrep_-UHRR-KAPA-100_ng_total_RNA-3_S8_L001_R2_001_trimmed_fastqc.html, outputs/fastqc_trimmed/KAPA_mRNA_HyperPrep_-UHRR-KAPA-100_ng_total_RNA-3_S8_L001_R2_001_trimmed_fastqc.zip
    jobid: 17
    wildcards: sample=KAPA_mRNA_HyperPrep_-UHRR-KAPA-100_ng_total_RNA-3_S8_L001_R2_001
    resources: tmpdir=/tmp

[Mon May 16 19:24:17 2022]
Finished job 17.
6 of 21 steps (29%) done
Select jobs to execute...

[Mon May 16 19:24:17 2022]
rule raw_fastqc:
    input: data/samples/KAPA_mRNA_HyperPrep_-UHRR-KAPA-100_ng_total_RNA-3_S8_L001_R1_001.fastq
    output: outputs/fastqc_raw/KAPA_mRNA_HyperPrep_-UHRR-KAPA-100_ng_total_RNA-3_S8_L001_R1_001_fastqc.html, outputs/fastqc_raw/KAPA_mRNA_HyperPrep_-UHRR-KAPA-100_ng_total_RNA-3_S8_L001_R1_001_fastqc.zip
    jobid: 15
    wildcards: sample=KAPA_mRNA_HyperPrep_-UHRR-KAPA-100_ng_total_RNA-3_S8_L001_R1_001
    resources: tmpdir=/tmp

[Mon May 16 19:24:22 2022]
Finished job 15.
7 of 21 steps (33%) done
Select jobs to execute...

[Mon May 16 19:24:22 2022]
rule raw_multiqc:
    input: outputs/fastqc_raw/KAPA_mRNA_HyperPrep_-UHRR-KAPA-100_ng_total_RNA-3_S8_L001_R1_001_fastqc.html, outputs/fastqc_raw/KAPA_mRNA_HyperPrep_-UHRR-KAPA-100_ng_total_RNA-3_S8_L001_R1_001_fastqc.zip
    output: outputs/multiqc_report_raw/KAPA_mRNA_HyperPrep_-UHRR-KAPA-100_ng_total_RNA-3_S8_L001_R1_001_multiqc_report.html
    jobid: 14
    wildcards: sample=KAPA_mRNA_HyperPrep_-UHRR-KAPA-100_ng_total_RNA-3_S8_L001_R1_001
    resources: tmpdir=/tmp

[Mon May 16 19:24:25 2022]
Finished job 14.
8 of 21 steps (38%) done
Select jobs to execute...

[Mon May 16 19:24:25 2022]
rule trim_bbduk:
    input: outputs/multiqc_report_raw/Collibri_standard_protocol-HBR-Collibri-100_ng-2_S1_L001_R1_001_multiqc_report.html, data/samples/Collibri_standard_protocol-HBR-Collibri-100_ng-2_S1_L001_R1_001.fastq, ./data/adapters.fa
    output: outputs/trimmed_reads/Collibri_standard_protocol-HBR-Collibri-100_ng-2_S1_L001_R1_001_trimmed.fastq
    jobid: 3
    wildcards: sample=Collibri_standard_protocol-HBR-Collibri-100_ng-2_S1_L001_R1_001
    resources: tmpdir=/tmp

[Mon May 16 19:24:26 2022]
Finished job 3.
9 of 21 steps (43%) done
Select jobs to execute...

[Mon May 16 19:24:26 2022]
rule trimmed_fastqc:
    input: outputs/trimmed_reads/Collibri_standard_protocol-HBR-Collibri-100_ng-2_S1_L001_R1_001_trimmed.fastq
    output: outputs/fastqc_trimmed/Collibri_standard_protocol-HBR-Collibri-100_ng-2_S1_L001_R1_001_trimmed_fastqc.html, outputs/fastqc_trimmed/Collibri_standard_protocol-HBR-Collibri-100_ng-2_S1_L001_R1_001_trimmed_fastqc.zip
    jobid: 2
    wildcards: sample=Collibri_standard_protocol-HBR-Collibri-100_ng-2_S1_L001_R1_001
    resources: tmpdir=/tmp

[Mon May 16 19:24:32 2022]
Finished job 2.
10 of 21 steps (48%) done
Select jobs to execute...

[Mon May 16 19:24:32 2022]
rule raw_fastqc:
    input: data/samples/Collibri_standard_protocol-HBR-Collibri-100_ng-2_S1_L001_R2_001.fastq
    output: outputs/fastqc_raw/Collibri_standard_protocol-HBR-Collibri-100_ng-2_S1_L001_R2_001_fastqc.html, outputs/fastqc_raw/Collibri_standard_protocol-HBR-Collibri-100_ng-2_S1_L001_R2_001_fastqc.zip
    jobid: 10
    wildcards: sample=Collibri_standard_protocol-HBR-Collibri-100_ng-2_S1_L001_R2_001
    resources: tmpdir=/tmp

[Mon May 16 19:24:36 2022]
Finished job 10.
11 of 21 steps (52%) done
Select jobs to execute...

[Mon May 16 19:24:36 2022]
rule raw_multiqc:
    input: outputs/fastqc_raw/Collibri_standard_protocol-HBR-Collibri-100_ng-2_S1_L001_R2_001_fastqc.html, outputs/fastqc_raw/Collibri_standard_protocol-HBR-Collibri-100_ng-2_S1_L001_R2_001_fastqc.zip
    output: outputs/multiqc_report_raw/Collibri_standard_protocol-HBR-Collibri-100_ng-2_S1_L001_R2_001_multiqc_report.html
    jobid: 9
    wildcards: sample=Collibri_standard_protocol-HBR-Collibri-100_ng-2_S1_L001_R2_001
    resources: tmpdir=/tmp

[Mon May 16 19:24:39 2022]
Finished job 9.
12 of 21 steps (57%) done
Select jobs to execute...

[Mon May 16 19:24:39 2022]
rule trim_bbduk:
    input: outputs/multiqc_report_raw/Collibri_standard_protocol-HBR-Collibri-100_ng-2_S1_L001_R2_001_multiqc_report.html, data/samples/Collibri_standard_protocol-HBR-Collibri-100_ng-2_S1_L001_R2_001.fastq, ./data/adapters.fa
    output: outputs/trimmed_reads/Collibri_standard_protocol-HBR-Collibri-100_ng-2_S1_L001_R2_001_trimmed.fastq
    jobid: 8
    wildcards: sample=Collibri_standard_protocol-HBR-Collibri-100_ng-2_S1_L001_R2_001
    resources: tmpdir=/tmp

[Mon May 16 19:24:41 2022]
Finished job 8.
13 of 21 steps (62%) done
Select jobs to execute...

[Mon May 16 19:24:41 2022]
rule trimmed_fastqc:
    input: outputs/trimmed_reads/Collibri_standard_protocol-HBR-Collibri-100_ng-2_S1_L001_R2_001_trimmed.fastq
    output: outputs/fastqc_trimmed/Collibri_standard_protocol-HBR-Collibri-100_ng-2_S1_L001_R2_001_trimmed_fastqc.html, outputs/fastqc_trimmed/Collibri_standard_protocol-HBR-Collibri-100_ng-2_S1_L001_R2_001_trimmed_fastqc.zip
    jobid: 7
    wildcards: sample=Collibri_standard_protocol-HBR-Collibri-100_ng-2_S1_L001_R2_001
    resources: tmpdir=/tmp

[Mon May 16 19:24:46 2022]
Finished job 7.
14 of 21 steps (67%) done
Select jobs to execute...

[Mon May 16 19:24:46 2022]
rule trimmed_multiqc:
    input: outputs/fastqc_trimmed/Collibri_standard_protocol-HBR-Collibri-100_ng-2_S1_L001_R2_001_trimmed_fastqc.html, outputs/fastqc_trimmed/Collibri_standard_protocol-HBR-Collibri-100_ng-2_S1_L001_R2_001_trimmed_fastqc.zip
    output: outputs/multiqc_report_trimmed/Collibri_standard_protocol-HBR-Collibri-100_ng-2_S1_L001_R2_001_trimmed_multiqc_report.html
    jobid: 6
    wildcards: sample=Collibri_standard_protocol-HBR-Collibri-100_ng-2_S1_L001_R2_001
    resources: tmpdir=/tmp

[Mon May 16 19:24:49 2022]
Finished job 6.
15 of 21 steps (71%) done
Select jobs to execute...

[Mon May 16 19:24:49 2022]
rule trimmed_multiqc:
    input: outputs/fastqc_trimmed/KAPA_mRNA_HyperPrep_-UHRR-KAPA-100_ng_total_RNA-3_S8_L001_R2_001_trimmed_fastqc.html, outputs/fastqc_trimmed/KAPA_mRNA_HyperPrep_-UHRR-KAPA-100_ng_total_RNA-3_S8_L001_R2_001_trimmed_fastqc.zip
    output: outputs/multiqc_report_trimmed/KAPA_mRNA_HyperPrep_-UHRR-KAPA-100_ng_total_RNA-3_S8_L001_R2_001_trimmed_multiqc_report.html
    jobid: 16
    wildcards: sample=KAPA_mRNA_HyperPrep_-UHRR-KAPA-100_ng_total_RNA-3_S8_L001_R2_001
    resources: tmpdir=/tmp

[Mon May 16 19:24:52 2022]
Finished job 16.
16 of 21 steps (76%) done
Select jobs to execute...

[Mon May 16 19:24:52 2022]
rule trim_bbduk:
    input: outputs/multiqc_report_raw/KAPA_mRNA_HyperPrep_-UHRR-KAPA-100_ng_total_RNA-3_S8_L001_R1_001_multiqc_report.html, data/samples/KAPA_mRNA_HyperPrep_-UHRR-KAPA-100_ng_total_RNA-3_S8_L001_R1_001.fastq, ./data/adapters.fa
    output: outputs/trimmed_reads/KAPA_mRNA_HyperPrep_-UHRR-KAPA-100_ng_total_RNA-3_S8_L001_R1_001_trimmed.fastq
    jobid: 13
    wildcards: sample=KAPA_mRNA_HyperPrep_-UHRR-KAPA-100_ng_total_RNA-3_S8_L001_R1_001
    resources: tmpdir=/tmp

[Mon May 16 19:24:53 2022]
Finished job 13.
17 of 21 steps (81%) done
Select jobs to execute...

[Mon May 16 19:24:53 2022]
rule trimmed_multiqc:
    input: outputs/fastqc_trimmed/Collibri_standard_protocol-HBR-Collibri-100_ng-2_S1_L001_R1_001_trimmed_fastqc.html, outputs/fastqc_trimmed/Collibri_standard_protocol-HBR-Collibri-100_ng-2_S1_L001_R1_001_trimmed_fastqc.zip
    output: outputs/multiqc_report_trimmed/Collibri_standard_protocol-HBR-Collibri-100_ng-2_S1_L001_R1_001_trimmed_multiqc_report.html
    jobid: 1
    wildcards: sample=Collibri_standard_protocol-HBR-Collibri-100_ng-2_S1_L001_R1_001
    resources: tmpdir=/tmp

[Mon May 16 19:24:56 2022]
Finished job 1.
18 of 21 steps (86%) done
Select jobs to execute...

[Mon May 16 19:24:56 2022]
rule trimmed_fastqc:
    input: outputs/trimmed_reads/KAPA_mRNA_HyperPrep_-UHRR-KAPA-100_ng_total_RNA-3_S8_L001_R1_001_trimmed.fastq
    output: outputs/fastqc_trimmed/KAPA_mRNA_HyperPrep_-UHRR-KAPA-100_ng_total_RNA-3_S8_L001_R1_001_trimmed_fastqc.html, outputs/fastqc_trimmed/KAPA_mRNA_HyperPrep_-UHRR-KAPA-100_ng_total_RNA-3_S8_L001_R1_001_trimmed_fastqc.zip
    jobid: 12
    wildcards: sample=KAPA_mRNA_HyperPrep_-UHRR-KAPA-100_ng_total_RNA-3_S8_L001_R1_001
    resources: tmpdir=/tmp

[Mon May 16 19:25:01 2022]
Finished job 12.
19 of 21 steps (90%) done
Select jobs to execute...

[Mon May 16 19:25:01 2022]
rule trimmed_multiqc:
    input: outputs/fastqc_trimmed/KAPA_mRNA_HyperPrep_-UHRR-KAPA-100_ng_total_RNA-3_S8_L001_R1_001_trimmed_fastqc.html, outputs/fastqc_trimmed/KAPA_mRNA_HyperPrep_-UHRR-KAPA-100_ng_total_RNA-3_S8_L001_R1_001_trimmed_fastqc.zip
    output: outputs/multiqc_report_trimmed/KAPA_mRNA_HyperPrep_-UHRR-KAPA-100_ng_total_RNA-3_S8_L001_R1_001_trimmed_multiqc_report.html
    jobid: 11
    wildcards: sample=KAPA_mRNA_HyperPrep_-UHRR-KAPA-100_ng_total_RNA-3_S8_L001_R1_001
    resources: tmpdir=/tmp

[Mon May 16 19:25:05 2022]
Finished job 11.
20 of 21 steps (95%) done
Select jobs to execute...

[Mon May 16 19:25:05 2022]
localrule all:
    input: outputs/multiqc_report_trimmed/Collibri_standard_protocol-HBR-Collibri-100_ng-2_S1_L001_R1_001_trimmed_multiqc_report.html, outputs/multiqc_report_trimmed/Collibri_standard_protocol-HBR-Collibri-100_ng-2_S1_L001_R2_001_trimmed_multiqc_report.html, outputs/multiqc_report_trimmed/KAPA_mRNA_HyperPrep_-UHRR-KAPA-100_ng_total_RNA-3_S8_L001_R1_001_trimmed_multiqc_report.html, outputs/multiqc_report_trimmed/KAPA_mRNA_HyperPrep_-UHRR-KAPA-100_ng_total_RNA-3_S8_L001_R2_001_trimmed_multiqc_report.html
    jobid: 0
    resources: tmpdir=/tmp

[Mon May 16 19:25:05 2022]
Finished job 0.
21 of 21 steps (100%) done
Complete log: /home/egle/Desktop/SystemBiology/Transcriptomics/snake/collibri-snakemake/.snakemake/log/2022-05-16T192355.538037.snakemake.log
