[2022-05-21 12:39:22,739] multiqc                                            [DEBUG  ]  This is MultiQC v1.12
[2022-05-21 12:39:22,739] multiqc                                            [DEBUG  ]  No MultiQC config found: /usr/local/lib/python3.8/dist-packages/multiqc_config.yaml
[2022-05-21 12:39:22,739] multiqc                                            [DEBUG  ]  No MultiQC config found: /home/egle/.multiqc_config.yaml
[2022-05-21 12:39:22,739] multiqc                                            [DEBUG  ]  No MultiQC config found: multiqc_config.yaml
[2022-05-21 12:39:22,739] multiqc                                            [DEBUG  ]  Command used: /usr/local/bin/multiqc ./outputs/fastqc_raw/ -n outputs/multiqc_report_raw/KAPA_mRNA_HyperPrep_-UHRR-KAPA-100_ng_total_RNA-3_S8_L001_R1_001_multiqc_report.html
[2022-05-21 12:39:23,180] multiqc                                            [DEBUG  ]  Latest MultiQC version is v1.12
[2022-05-21 12:39:23,180] multiqc                                            [DEBUG  ]  Command     : /usr/local/bin/multiqc ./outputs/fastqc_raw/ -n outputs/multiqc_report_raw/KAPA_mRNA_HyperPrep_-UHRR-KAPA-100_ng_total_RNA-3_S8_L001_R1_001_multiqc_report.html
[2022-05-21 12:39:23,180] multiqc                                            [DEBUG  ]  Working dir : /home/egle/Desktop/SystemBiology/Transcriptomics/snake/collibri-snakemake
[2022-05-21 12:39:23,180] multiqc                                            [DEBUG  ]  Template    : default
[2022-05-21 12:39:23,180] multiqc                                            [DEBUG  ]  Running Python 3.8.10 (default, Mar 15 2022, 12:22:08)  [GCC 9.4.0]
[2022-05-21 12:39:23,181] multiqc                                            [DEBUG  ]  Analysing modules: custom_content, ccs, ngsderive, purple, conpair, lima, peddy, somalier, methylQA, mosdepth, phantompeakqualtools, qualimap, preseq, quast, qorts, rna_seqc, rockhopper, rsem, rseqc, busco, bustools, goleft_indexcov, gffcompare, disambiguate, supernova, deeptools, sargasso, verifybamid, mirtrace, happy, mirtop, sambamba, homer, hops, macs2, theta2, snpeff, gatk, htseq, bcftools, featureCounts, fgbio, dragen, dedup, pbmarkdup, damageprofiler, biobambam2, jcvi, mtnucratio, picard, vep, sentieon, prokka, qc3C, nanostat, samblaster, samtools, sexdeterrmine, eigenstratdatabasetools, bamtools, jellyfish, vcftools, longranger, stacks, varscan2, snippy, bbmap, bismark, biscuit, hicexplorer, hicup, hicpro, salmon, kallisto, slamdunk, star, hisat2, tophat, bowtie2, bowtie1, snpsplit, odgi, pangolin, kat, leehom, adapterRemoval, clipandmerge, cutadapt, flexbar, kaiju, kraken, malt, trimmomatic, sickle, skewer, sortmerna, biobloomtools, fastq_screen, afterqc, fastp, fastqc, pychopper, pycoqc, minionqc, multivcfanalyzer, clusterflow, checkqc, bcl2fastq, bclconvert, interop, ivar, flash, seqyclean, optitype, whatshap
[2022-05-21 12:39:23,181] multiqc                                            [DEBUG  ]  Using temporary directory for creating report: /tmp/tmpsvy63ffb
[2022-05-21 12:39:23,324] multiqc                                            [INFO   ]  Search path : /home/egle/Desktop/SystemBiology/Transcriptomics/snake/collibri-snakemake/outputs/fastqc_raw
[2022-05-21 12:39:23,383] multiqc                                            [DEBUG  ]  File ignored by ccs/v4 because it exceeded search pattern filesize limit: KAPA_mRNA_HyperPrep_-UHRR-KAPA-100_ng_total_RNA-2_S7_L001_R1_001_fastqc.html
[2022-05-21 12:39:23,384] multiqc                                            [DEBUG  ]  File ignored by hicexplorer because it exceeded search pattern filesize limit: KAPA_mRNA_HyperPrep_-UHRR-KAPA-100_ng_total_RNA-2_S7_L001_R1_001_fastqc.html
[2022-05-21 12:39:23,385] multiqc                                            [DEBUG  ]  File ignored by lima/summary because it exceeded search pattern filesize limit: KAPA_mRNA_HyperPrep_-UHRR-KAPA-100_ng_total_RNA-2_S7_L001_R1_001_fastqc.html
[2022-05-21 12:39:23,387] multiqc                                            [DEBUG  ]  File ignored by vep/vep_txt because it exceeded search pattern filesize limit: KAPA_mRNA_HyperPrep_-UHRR-KAPA-100_ng_total_RNA-2_S7_L001_R1_001_fastqc.html
[2022-05-21 12:39:23,387] multiqc                                            [DEBUG  ]  File ignored by longranger/invocation because it exceeded search pattern filesize limit: KAPA_mRNA_HyperPrep_-UHRR-KAPA-100_ng_total_RNA-2_S7_L001_R1_001_fastqc.html
[2022-05-21 12:39:23,387] multiqc                                            [DEBUG  ]  File ignored by rockhopper because it exceeded search pattern filesize limit: KAPA_mRNA_HyperPrep_-UHRR-KAPA-100_ng_total_RNA-2_S7_L001_R1_001_fastqc.html
[2022-05-21 12:39:23,387] multiqc                                            [DEBUG  ]  File ignored by rseqc/bam_stat because it exceeded search pattern filesize limit: KAPA_mRNA_HyperPrep_-UHRR-KAPA-100_ng_total_RNA-2_S7_L001_R1_001_fastqc.html
[2022-05-21 12:39:23,387] multiqc                                            [DEBUG  ]  File ignored by rseqc/junction_annotation because it exceeded search pattern filesize limit: KAPA_mRNA_HyperPrep_-UHRR-KAPA-100_ng_total_RNA-2_S7_L001_R1_001_fastqc.html
[2022-05-21 12:39:23,387] multiqc                                            [DEBUG  ]  File ignored by rseqc/read_distribution because it exceeded search pattern filesize limit: KAPA_mRNA_HyperPrep_-UHRR-KAPA-100_ng_total_RNA-2_S7_L001_R1_001_fastqc.html
[2022-05-21 12:39:23,387] multiqc                                            [DEBUG  ]  File ignored by rseqc/infer_experiment because it exceeded search pattern filesize limit: KAPA_mRNA_HyperPrep_-UHRR-KAPA-100_ng_total_RNA-2_S7_L001_R1_001_fastqc.html
[2022-05-21 12:39:23,436] multiqc                                            [DEBUG  ]  File ignored by nanostat because it exceeded search pattern filesize limit: KAPA_mRNA_HyperPrep_-UHRR-KAPA-100_ng_total_RNA-2_S7_L001_R1_001_fastqc.html
[2022-05-21 12:39:23,442] multiqc                                            [DEBUG  ]  File ignored by ccs/v4 because it exceeded search pattern filesize limit: Collibri_standard_protocol-HBR-Collibri-100_ng-2_S1_L001_R1_001_fastqc.html
[2022-05-21 12:39:23,443] multiqc                                            [DEBUG  ]  File ignored by hicexplorer because it exceeded search pattern filesize limit: Collibri_standard_protocol-HBR-Collibri-100_ng-2_S1_L001_R1_001_fastqc.html
[2022-05-21 12:39:23,443] multiqc                                            [DEBUG  ]  File ignored by lima/summary because it exceeded search pattern filesize limit: Collibri_standard_protocol-HBR-Collibri-100_ng-2_S1_L001_R1_001_fastqc.html
[2022-05-21 12:39:23,444] multiqc                                            [DEBUG  ]  File ignored by vep/vep_txt because it exceeded search pattern filesize limit: Collibri_standard_protocol-HBR-Collibri-100_ng-2_S1_L001_R1_001_fastqc.html
[2022-05-21 12:39:23,444] multiqc                                            [DEBUG  ]  File ignored by longranger/invocation because it exceeded search pattern filesize limit: Collibri_standard_protocol-HBR-Collibri-100_ng-2_S1_L001_R1_001_fastqc.html
[2022-05-21 12:39:23,445] multiqc                                            [DEBUG  ]  File ignored by rockhopper because it exceeded search pattern filesize limit: Collibri_standard_protocol-HBR-Collibri-100_ng-2_S1_L001_R1_001_fastqc.html
[2022-05-21 12:39:23,445] multiqc                                            [DEBUG  ]  File ignored by rseqc/bam_stat because it exceeded search pattern filesize limit: Collibri_standard_protocol-HBR-Collibri-100_ng-2_S1_L001_R1_001_fastqc.html
[2022-05-21 12:39:23,445] multiqc                                            [DEBUG  ]  File ignored by rseqc/junction_annotation because it exceeded search pattern filesize limit: Collibri_standard_protocol-HBR-Collibri-100_ng-2_S1_L001_R1_001_fastqc.html
[2022-05-21 12:39:23,445] multiqc                                            [DEBUG  ]  File ignored by rseqc/read_distribution because it exceeded search pattern filesize limit: Collibri_standard_protocol-HBR-Collibri-100_ng-2_S1_L001_R1_001_fastqc.html
[2022-05-21 12:39:23,445] multiqc                                            [DEBUG  ]  File ignored by rseqc/infer_experiment because it exceeded search pattern filesize limit: Collibri_standard_protocol-HBR-Collibri-100_ng-2_S1_L001_R1_001_fastqc.html
[2022-05-21 12:39:23,501] multiqc                                            [DEBUG  ]  File ignored by nanostat because it exceeded search pattern filesize limit: Collibri_standard_protocol-HBR-Collibri-100_ng-2_S1_L001_R1_001_fastqc.html
[2022-05-21 12:39:23,507] multiqc                                            [DEBUG  ]  File ignored by ccs/v4 because it exceeded search pattern filesize limit: KAPA_mRNA_HyperPrep_-HBR-KAPA-100_ng_total_RNA-2_S5_L001_R2_001_fastqc.html
[2022-05-21 12:39:23,507] multiqc                                            [DEBUG  ]  File ignored by hicexplorer because it exceeded search pattern filesize limit: KAPA_mRNA_HyperPrep_-HBR-KAPA-100_ng_total_RNA-2_S5_L001_R2_001_fastqc.html
[2022-05-21 12:39:23,508] multiqc                                            [DEBUG  ]  File ignored by lima/summary because it exceeded search pattern filesize limit: KAPA_mRNA_HyperPrep_-HBR-KAPA-100_ng_total_RNA-2_S5_L001_R2_001_fastqc.html
[2022-05-21 12:39:23,509] multiqc                                            [DEBUG  ]  File ignored by vep/vep_txt because it exceeded search pattern filesize limit: KAPA_mRNA_HyperPrep_-HBR-KAPA-100_ng_total_RNA-2_S5_L001_R2_001_fastqc.html
[2022-05-21 12:39:23,509] multiqc                                            [DEBUG  ]  File ignored by longranger/invocation because it exceeded search pattern filesize limit: KAPA_mRNA_HyperPrep_-HBR-KAPA-100_ng_total_RNA-2_S5_L001_R2_001_fastqc.html
[2022-05-21 12:39:23,509] multiqc                                            [DEBUG  ]  File ignored by rockhopper because it exceeded search pattern filesize limit: KAPA_mRNA_HyperPrep_-HBR-KAPA-100_ng_total_RNA-2_S5_L001_R2_001_fastqc.html
[2022-05-21 12:39:23,509] multiqc                                            [DEBUG  ]  File ignored by rseqc/bam_stat because it exceeded search pattern filesize limit: KAPA_mRNA_HyperPrep_-HBR-KAPA-100_ng_total_RNA-2_S5_L001_R2_001_fastqc.html
[2022-05-21 12:39:23,509] multiqc                                            [DEBUG  ]  File ignored by rseqc/junction_annotation because it exceeded search pattern filesize limit: KAPA_mRNA_HyperPrep_-HBR-KAPA-100_ng_total_RNA-2_S5_L001_R2_001_fastqc.html
[2022-05-21 12:39:23,509] multiqc                                            [DEBUG  ]  File ignored by rseqc/read_distribution because it exceeded search pattern filesize limit: KAPA_mRNA_HyperPrep_-HBR-KAPA-100_ng_total_RNA-2_S5_L001_R2_001_fastqc.html
[2022-05-21 12:39:23,509] multiqc                                            [DEBUG  ]  File ignored by rseqc/infer_experiment because it exceeded search pattern filesize limit: KAPA_mRNA_HyperPrep_-HBR-KAPA-100_ng_total_RNA-2_S5_L001_R2_001_fastqc.html
[2022-05-21 12:39:23,549] multiqc                                            [DEBUG  ]  File ignored by nanostat because it exceeded search pattern filesize limit: KAPA_mRNA_HyperPrep_-HBR-KAPA-100_ng_total_RNA-2_S5_L001_R2_001_fastqc.html
[2022-05-21 12:39:23,556] multiqc                                            [DEBUG  ]  File ignored by ccs/v4 because it exceeded search pattern filesize limit: Collibri_standard_protocol-HBR-Collibri-100_ng-2_S1_L001_R2_001_fastqc.html
[2022-05-21 12:39:23,557] multiqc                                            [DEBUG  ]  File ignored by hicexplorer because it exceeded search pattern filesize limit: Collibri_standard_protocol-HBR-Collibri-100_ng-2_S1_L001_R2_001_fastqc.html
[2022-05-21 12:39:23,557] multiqc                                            [DEBUG  ]  File ignored by lima/summary because it exceeded search pattern filesize limit: Collibri_standard_protocol-HBR-Collibri-100_ng-2_S1_L001_R2_001_fastqc.html
[2022-05-21 12:39:23,558] multiqc                                            [DEBUG  ]  File ignored by vep/vep_txt because it exceeded search pattern filesize limit: Collibri_standard_protocol-HBR-Collibri-100_ng-2_S1_L001_R2_001_fastqc.html
[2022-05-21 12:39:23,558] multiqc                                            [DEBUG  ]  File ignored by longranger/invocation because it exceeded search pattern filesize limit: Collibri_standard_protocol-HBR-Collibri-100_ng-2_S1_L001_R2_001_fastqc.html
[2022-05-21 12:39:23,558] multiqc                                            [DEBUG  ]  File ignored by rockhopper because it exceeded search pattern filesize limit: Collibri_standard_protocol-HBR-Collibri-100_ng-2_S1_L001_R2_001_fastqc.html
[2022-05-21 12:39:23,558] multiqc                                            [DEBUG  ]  File ignored by rseqc/bam_stat because it exceeded search pattern filesize limit: Collibri_standard_protocol-HBR-Collibri-100_ng-2_S1_L001_R2_001_fastqc.html
[2022-05-21 12:39:23,558] multiqc                                            [DEBUG  ]  File ignored by rseqc/junction_annotation because it exceeded search pattern filesize limit: Collibri_standard_protocol-HBR-Collibri-100_ng-2_S1_L001_R2_001_fastqc.html
[2022-05-21 12:39:23,558] multiqc                                            [DEBUG  ]  File ignored by rseqc/read_distribution because it exceeded search pattern filesize limit: Collibri_standard_protocol-HBR-Collibri-100_ng-2_S1_L001_R2_001_fastqc.html
[2022-05-21 12:39:23,558] multiqc                                            [DEBUG  ]  File ignored by rseqc/infer_experiment because it exceeded search pattern filesize limit: Collibri_standard_protocol-HBR-Collibri-100_ng-2_S1_L001_R2_001_fastqc.html
[2022-05-21 12:39:23,621] multiqc                                            [DEBUG  ]  File ignored by nanostat because it exceeded search pattern filesize limit: Collibri_standard_protocol-HBR-Collibri-100_ng-2_S1_L001_R2_001_fastqc.html
[2022-05-21 12:39:23,628] multiqc                                            [DEBUG  ]  File ignored by ccs/v4 because it exceeded search pattern filesize limit: KAPA_mRNA_HyperPrep_-UHRR-KAPA-100_ng_total_RNA-3_S8_L001_R1_001_fastqc.html
[2022-05-21 12:39:23,628] multiqc                                            [DEBUG  ]  File ignored by hicexplorer because it exceeded search pattern filesize limit: KAPA_mRNA_HyperPrep_-UHRR-KAPA-100_ng_total_RNA-3_S8_L001_R1_001_fastqc.html
[2022-05-21 12:39:23,628] multiqc                                            [DEBUG  ]  File ignored by lima/summary because it exceeded search pattern filesize limit: KAPA_mRNA_HyperPrep_-UHRR-KAPA-100_ng_total_RNA-3_S8_L001_R1_001_fastqc.html
[2022-05-21 12:39:23,630] multiqc                                            [DEBUG  ]  File ignored by vep/vep_txt because it exceeded search pattern filesize limit: KAPA_mRNA_HyperPrep_-UHRR-KAPA-100_ng_total_RNA-3_S8_L001_R1_001_fastqc.html
[2022-05-21 12:39:23,630] multiqc                                            [DEBUG  ]  File ignored by longranger/invocation because it exceeded search pattern filesize limit: KAPA_mRNA_HyperPrep_-UHRR-KAPA-100_ng_total_RNA-3_S8_L001_R1_001_fastqc.html
[2022-05-21 12:39:23,630] multiqc                                            [DEBUG  ]  File ignored by rockhopper because it exceeded search pattern filesize limit: KAPA_mRNA_HyperPrep_-UHRR-KAPA-100_ng_total_RNA-3_S8_L001_R1_001_fastqc.html
[2022-05-21 12:39:23,630] multiqc                                            [DEBUG  ]  File ignored by rseqc/bam_stat because it exceeded search pattern filesize limit: KAPA_mRNA_HyperPrep_-UHRR-KAPA-100_ng_total_RNA-3_S8_L001_R1_001_fastqc.html
[2022-05-21 12:39:23,630] multiqc                                            [DEBUG  ]  File ignored by rseqc/junction_annotation because it exceeded search pattern filesize limit: KAPA_mRNA_HyperPrep_-UHRR-KAPA-100_ng_total_RNA-3_S8_L001_R1_001_fastqc.html
[2022-05-21 12:39:23,630] multiqc                                            [DEBUG  ]  File ignored by rseqc/read_distribution because it exceeded search pattern filesize limit: KAPA_mRNA_HyperPrep_-UHRR-KAPA-100_ng_total_RNA-3_S8_L001_R1_001_fastqc.html
[2022-05-21 12:39:23,630] multiqc                                            [DEBUG  ]  File ignored by rseqc/infer_experiment because it exceeded search pattern filesize limit: KAPA_mRNA_HyperPrep_-UHRR-KAPA-100_ng_total_RNA-3_S8_L001_R1_001_fastqc.html
[2022-05-21 12:39:23,679] multiqc                                            [DEBUG  ]  File ignored by nanostat because it exceeded search pattern filesize limit: KAPA_mRNA_HyperPrep_-UHRR-KAPA-100_ng_total_RNA-3_S8_L001_R1_001_fastqc.html
[2022-05-21 12:39:23,690] multiqc                                            [DEBUG  ]  File ignored by ccs/v4 because it exceeded search pattern filesize limit: KAPA_mRNA_HyperPrep_-UHRR-KAPA-100_ng_total_RNA-2_S7_L001_R2_001_fastqc.html
[2022-05-21 12:39:23,690] multiqc                                            [DEBUG  ]  File ignored by hicexplorer because it exceeded search pattern filesize limit: KAPA_mRNA_HyperPrep_-UHRR-KAPA-100_ng_total_RNA-2_S7_L001_R2_001_fastqc.html
[2022-05-21 12:39:23,690] multiqc                                            [DEBUG  ]  File ignored by lima/summary because it exceeded search pattern filesize limit: KAPA_mRNA_HyperPrep_-UHRR-KAPA-100_ng_total_RNA-2_S7_L001_R2_001_fastqc.html
[2022-05-21 12:39:23,692] multiqc                                            [DEBUG  ]  File ignored by vep/vep_txt because it exceeded search pattern filesize limit: KAPA_mRNA_HyperPrep_-UHRR-KAPA-100_ng_total_RNA-2_S7_L001_R2_001_fastqc.html
[2022-05-21 12:39:23,692] multiqc                                            [DEBUG  ]  File ignored by longranger/invocation because it exceeded search pattern filesize limit: KAPA_mRNA_HyperPrep_-UHRR-KAPA-100_ng_total_RNA-2_S7_L001_R2_001_fastqc.html
[2022-05-21 12:39:23,692] multiqc                                            [DEBUG  ]  File ignored by rockhopper because it exceeded search pattern filesize limit: KAPA_mRNA_HyperPrep_-UHRR-KAPA-100_ng_total_RNA-2_S7_L001_R2_001_fastqc.html
[2022-05-21 12:39:23,692] multiqc                                            [DEBUG  ]  File ignored by rseqc/bam_stat because it exceeded search pattern filesize limit: KAPA_mRNA_HyperPrep_-UHRR-KAPA-100_ng_total_RNA-2_S7_L001_R2_001_fastqc.html
[2022-05-21 12:39:23,692] multiqc                                            [DEBUG  ]  File ignored by rseqc/junction_annotation because it exceeded search pattern filesize limit: KAPA_mRNA_HyperPrep_-UHRR-KAPA-100_ng_total_RNA-2_S7_L001_R2_001_fastqc.html
[2022-05-21 12:39:23,692] multiqc                                            [DEBUG  ]  File ignored by rseqc/read_distribution because it exceeded search pattern filesize limit: KAPA_mRNA_HyperPrep_-UHRR-KAPA-100_ng_total_RNA-2_S7_L001_R2_001_fastqc.html
[2022-05-21 12:39:23,692] multiqc                                            [DEBUG  ]  File ignored by rseqc/infer_experiment because it exceeded search pattern filesize limit: KAPA_mRNA_HyperPrep_-UHRR-KAPA-100_ng_total_RNA-2_S7_L001_R2_001_fastqc.html
[2022-05-21 12:39:23,745] multiqc                                            [DEBUG  ]  File ignored by nanostat because it exceeded search pattern filesize limit: KAPA_mRNA_HyperPrep_-UHRR-KAPA-100_ng_total_RNA-2_S7_L001_R2_001_fastqc.html
[2022-05-21 12:39:23,752] multiqc                                            [DEBUG  ]  File ignored by ccs/v4 because it exceeded search pattern filesize limit: Collibri_standard_protocol-HBR-Collibri-100_ng-3_S2_L001_R2_001_fastqc.html
[2022-05-21 12:39:23,752] multiqc                                            [DEBUG  ]  File ignored by hicexplorer because it exceeded search pattern filesize limit: Collibri_standard_protocol-HBR-Collibri-100_ng-3_S2_L001_R2_001_fastqc.html
[2022-05-21 12:39:23,752] multiqc                                            [DEBUG  ]  File ignored by lima/summary because it exceeded search pattern filesize limit: Collibri_standard_protocol-HBR-Collibri-100_ng-3_S2_L001_R2_001_fastqc.html
[2022-05-21 12:39:23,754] multiqc                                            [DEBUG  ]  File ignored by vep/vep_txt because it exceeded search pattern filesize limit: Collibri_standard_protocol-HBR-Collibri-100_ng-3_S2_L001_R2_001_fastqc.html
[2022-05-21 12:39:23,754] multiqc                                            [DEBUG  ]  File ignored by longranger/invocation because it exceeded search pattern filesize limit: Collibri_standard_protocol-HBR-Collibri-100_ng-3_S2_L001_R2_001_fastqc.html
[2022-05-21 12:39:23,754] multiqc                                            [DEBUG  ]  File ignored by rockhopper because it exceeded search pattern filesize limit: Collibri_standard_protocol-HBR-Collibri-100_ng-3_S2_L001_R2_001_fastqc.html
[2022-05-21 12:39:23,754] multiqc                                            [DEBUG  ]  File ignored by rseqc/bam_stat because it exceeded search pattern filesize limit: Collibri_standard_protocol-HBR-Collibri-100_ng-3_S2_L001_R2_001_fastqc.html
[2022-05-21 12:39:23,754] multiqc                                            [DEBUG  ]  File ignored by rseqc/junction_annotation because it exceeded search pattern filesize limit: Collibri_standard_protocol-HBR-Collibri-100_ng-3_S2_L001_R2_001_fastqc.html
[2022-05-21 12:39:23,754] multiqc                                            [DEBUG  ]  File ignored by rseqc/read_distribution because it exceeded search pattern filesize limit: Collibri_standard_protocol-HBR-Collibri-100_ng-3_S2_L001_R2_001_fastqc.html
[2022-05-21 12:39:23,754] multiqc                                            [DEBUG  ]  File ignored by rseqc/infer_experiment because it exceeded search pattern filesize limit: Collibri_standard_protocol-HBR-Collibri-100_ng-3_S2_L001_R2_001_fastqc.html
[2022-05-21 12:39:23,813] multiqc                                            [DEBUG  ]  File ignored by nanostat because it exceeded search pattern filesize limit: Collibri_standard_protocol-HBR-Collibri-100_ng-3_S2_L001_R2_001_fastqc.html
[2022-05-21 12:39:23,818] multiqc                                            [DEBUG  ]  File ignored by ccs/v4 because it exceeded search pattern filesize limit: Collibri_standard_protocol-UHRR-Collibri-100_ng-3_S4_L001_R1_001_fastqc.html
[2022-05-21 12:39:23,819] multiqc                                            [DEBUG  ]  File ignored by hicexplorer because it exceeded search pattern filesize limit: Collibri_standard_protocol-UHRR-Collibri-100_ng-3_S4_L001_R1_001_fastqc.html
[2022-05-21 12:39:23,819] multiqc                                            [DEBUG  ]  File ignored by lima/summary because it exceeded search pattern filesize limit: Collibri_standard_protocol-UHRR-Collibri-100_ng-3_S4_L001_R1_001_fastqc.html
[2022-05-21 12:39:23,821] multiqc                                            [DEBUG  ]  File ignored by vep/vep_txt because it exceeded search pattern filesize limit: Collibri_standard_protocol-UHRR-Collibri-100_ng-3_S4_L001_R1_001_fastqc.html
[2022-05-21 12:39:23,821] multiqc                                            [DEBUG  ]  File ignored by longranger/invocation because it exceeded search pattern filesize limit: Collibri_standard_protocol-UHRR-Collibri-100_ng-3_S4_L001_R1_001_fastqc.html
[2022-05-21 12:39:23,821] multiqc                                            [DEBUG  ]  File ignored by rockhopper because it exceeded search pattern filesize limit: Collibri_standard_protocol-UHRR-Collibri-100_ng-3_S4_L001_R1_001_fastqc.html
[2022-05-21 12:39:23,821] multiqc                                            [DEBUG  ]  File ignored by rseqc/bam_stat because it exceeded search pattern filesize limit: Collibri_standard_protocol-UHRR-Collibri-100_ng-3_S4_L001_R1_001_fastqc.html
[2022-05-21 12:39:23,821] multiqc                                            [DEBUG  ]  File ignored by rseqc/junction_annotation because it exceeded search pattern filesize limit: Collibri_standard_protocol-UHRR-Collibri-100_ng-3_S4_L001_R1_001_fastqc.html
[2022-05-21 12:39:23,821] multiqc                                            [DEBUG  ]  File ignored by rseqc/read_distribution because it exceeded search pattern filesize limit: Collibri_standard_protocol-UHRR-Collibri-100_ng-3_S4_L001_R1_001_fastqc.html
[2022-05-21 12:39:23,821] multiqc                                            [DEBUG  ]  File ignored by rseqc/infer_experiment because it exceeded search pattern filesize limit: Collibri_standard_protocol-UHRR-Collibri-100_ng-3_S4_L001_R1_001_fastqc.html
[2022-05-21 12:39:23,869] multiqc                                            [DEBUG  ]  File ignored by nanostat because it exceeded search pattern filesize limit: Collibri_standard_protocol-UHRR-Collibri-100_ng-3_S4_L001_R1_001_fastqc.html
[2022-05-21 12:39:23,874] multiqc                                            [DEBUG  ]  File ignored by ccs/v4 because it exceeded search pattern filesize limit: Collibri_standard_protocol-UHRR-Collibri-100_ng-2_S3_L001_R1_001_fastqc.html
[2022-05-21 12:39:23,875] multiqc                                            [DEBUG  ]  File ignored by hicexplorer because it exceeded search pattern filesize limit: Collibri_standard_protocol-UHRR-Collibri-100_ng-2_S3_L001_R1_001_fastqc.html
[2022-05-21 12:39:23,875] multiqc                                            [DEBUG  ]  File ignored by lima/summary because it exceeded search pattern filesize limit: Collibri_standard_protocol-UHRR-Collibri-100_ng-2_S3_L001_R1_001_fastqc.html
[2022-05-21 12:39:23,876] multiqc                                            [DEBUG  ]  File ignored by vep/vep_txt because it exceeded search pattern filesize limit: Collibri_standard_protocol-UHRR-Collibri-100_ng-2_S3_L001_R1_001_fastqc.html
[2022-05-21 12:39:23,876] multiqc                                            [DEBUG  ]  File ignored by longranger/invocation because it exceeded search pattern filesize limit: Collibri_standard_protocol-UHRR-Collibri-100_ng-2_S3_L001_R1_001_fastqc.html
[2022-05-21 12:39:23,876] multiqc                                            [DEBUG  ]  File ignored by rockhopper because it exceeded search pattern filesize limit: Collibri_standard_protocol-UHRR-Collibri-100_ng-2_S3_L001_R1_001_fastqc.html
[2022-05-21 12:39:23,876] multiqc                                            [DEBUG  ]  File ignored by rseqc/bam_stat because it exceeded search pattern filesize limit: Collibri_standard_protocol-UHRR-Collibri-100_ng-2_S3_L001_R1_001_fastqc.html
[2022-05-21 12:39:23,877] multiqc                                            [DEBUG  ]  File ignored by rseqc/junction_annotation because it exceeded search pattern filesize limit: Collibri_standard_protocol-UHRR-Collibri-100_ng-2_S3_L001_R1_001_fastqc.html
[2022-05-21 12:39:23,877] multiqc                                            [DEBUG  ]  File ignored by rseqc/read_distribution because it exceeded search pattern filesize limit: Collibri_standard_protocol-UHRR-Collibri-100_ng-2_S3_L001_R1_001_fastqc.html
[2022-05-21 12:39:23,877] multiqc                                            [DEBUG  ]  File ignored by rseqc/infer_experiment because it exceeded search pattern filesize limit: Collibri_standard_protocol-UHRR-Collibri-100_ng-2_S3_L001_R1_001_fastqc.html
[2022-05-21 12:39:23,933] multiqc                                            [DEBUG  ]  File ignored by nanostat because it exceeded search pattern filesize limit: Collibri_standard_protocol-UHRR-Collibri-100_ng-2_S3_L001_R1_001_fastqc.html
[2022-05-21 12:39:23,940] multiqc                                            [DEBUG  ]  File ignored by ccs/v4 because it exceeded search pattern filesize limit: Collibri_standard_protocol-HBR-Collibri-100_ng-3_S2_L001_R1_001_fastqc.html
[2022-05-21 12:39:23,940] multiqc                                            [DEBUG  ]  File ignored by hicexplorer because it exceeded search pattern filesize limit: Collibri_standard_protocol-HBR-Collibri-100_ng-3_S2_L001_R1_001_fastqc.html
[2022-05-21 12:39:23,940] multiqc                                            [DEBUG  ]  File ignored by lima/summary because it exceeded search pattern filesize limit: Collibri_standard_protocol-HBR-Collibri-100_ng-3_S2_L001_R1_001_fastqc.html
[2022-05-21 12:39:23,942] multiqc                                            [DEBUG  ]  File ignored by vep/vep_txt because it exceeded search pattern filesize limit: Collibri_standard_protocol-HBR-Collibri-100_ng-3_S2_L001_R1_001_fastqc.html
[2022-05-21 12:39:23,942] multiqc                                            [DEBUG  ]  File ignored by longranger/invocation because it exceeded search pattern filesize limit: Collibri_standard_protocol-HBR-Collibri-100_ng-3_S2_L001_R1_001_fastqc.html
[2022-05-21 12:39:23,942] multiqc                                            [DEBUG  ]  File ignored by rockhopper because it exceeded search pattern filesize limit: Collibri_standard_protocol-HBR-Collibri-100_ng-3_S2_L001_R1_001_fastqc.html
[2022-05-21 12:39:23,942] multiqc                                            [DEBUG  ]  File ignored by rseqc/bam_stat because it exceeded search pattern filesize limit: Collibri_standard_protocol-HBR-Collibri-100_ng-3_S2_L001_R1_001_fastqc.html
[2022-05-21 12:39:23,942] multiqc                                            [DEBUG  ]  File ignored by rseqc/junction_annotation because it exceeded search pattern filesize limit: Collibri_standard_protocol-HBR-Collibri-100_ng-3_S2_L001_R1_001_fastqc.html
[2022-05-21 12:39:23,942] multiqc                                            [DEBUG  ]  File ignored by rseqc/read_distribution because it exceeded search pattern filesize limit: Collibri_standard_protocol-HBR-Collibri-100_ng-3_S2_L001_R1_001_fastqc.html
[2022-05-21 12:39:23,942] multiqc                                            [DEBUG  ]  File ignored by rseqc/infer_experiment because it exceeded search pattern filesize limit: Collibri_standard_protocol-HBR-Collibri-100_ng-3_S2_L001_R1_001_fastqc.html
[2022-05-21 12:39:23,992] multiqc                                            [DEBUG  ]  File ignored by nanostat because it exceeded search pattern filesize limit: Collibri_standard_protocol-HBR-Collibri-100_ng-3_S2_L001_R1_001_fastqc.html
[2022-05-21 12:39:24,002] multiqc                                            [DEBUG  ]  File ignored by ccs/v4 because it exceeded search pattern filesize limit: Collibri_standard_protocol-UHRR-Collibri-100_ng-3_S4_L001_R2_001_fastqc.html
[2022-05-21 12:39:24,003] multiqc                                            [DEBUG  ]  File ignored by hicexplorer because it exceeded search pattern filesize limit: Collibri_standard_protocol-UHRR-Collibri-100_ng-3_S4_L001_R2_001_fastqc.html
[2022-05-21 12:39:24,003] multiqc                                            [DEBUG  ]  File ignored by lima/summary because it exceeded search pattern filesize limit: Collibri_standard_protocol-UHRR-Collibri-100_ng-3_S4_L001_R2_001_fastqc.html
[2022-05-21 12:39:24,004] multiqc                                            [DEBUG  ]  File ignored by vep/vep_txt because it exceeded search pattern filesize limit: Collibri_standard_protocol-UHRR-Collibri-100_ng-3_S4_L001_R2_001_fastqc.html
[2022-05-21 12:39:24,005] multiqc                                            [DEBUG  ]  File ignored by longranger/invocation because it exceeded search pattern filesize limit: Collibri_standard_protocol-UHRR-Collibri-100_ng-3_S4_L001_R2_001_fastqc.html
[2022-05-21 12:39:24,005] multiqc                                            [DEBUG  ]  File ignored by rockhopper because it exceeded search pattern filesize limit: Collibri_standard_protocol-UHRR-Collibri-100_ng-3_S4_L001_R2_001_fastqc.html
[2022-05-21 12:39:24,005] multiqc                                            [DEBUG  ]  File ignored by rseqc/bam_stat because it exceeded search pattern filesize limit: Collibri_standard_protocol-UHRR-Collibri-100_ng-3_S4_L001_R2_001_fastqc.html
[2022-05-21 12:39:24,005] multiqc                                            [DEBUG  ]  File ignored by rseqc/junction_annotation because it exceeded search pattern filesize limit: Collibri_standard_protocol-UHRR-Collibri-100_ng-3_S4_L001_R2_001_fastqc.html
[2022-05-21 12:39:24,005] multiqc                                            [DEBUG  ]  File ignored by rseqc/read_distribution because it exceeded search pattern filesize limit: Collibri_standard_protocol-UHRR-Collibri-100_ng-3_S4_L001_R2_001_fastqc.html
[2022-05-21 12:39:24,005] multiqc                                            [DEBUG  ]  File ignored by rseqc/infer_experiment because it exceeded search pattern filesize limit: Collibri_standard_protocol-UHRR-Collibri-100_ng-3_S4_L001_R2_001_fastqc.html
[2022-05-21 12:39:24,057] multiqc                                            [DEBUG  ]  File ignored by nanostat because it exceeded search pattern filesize limit: Collibri_standard_protocol-UHRR-Collibri-100_ng-3_S4_L001_R2_001_fastqc.html
[2022-05-21 12:39:24,662] multiqc.plots.linegraph                            [DEBUG  ]  Using matplotlib version 3.5.1
[2022-05-21 12:39:24,663] multiqc.plots.bargraph                             [DEBUG  ]  Using matplotlib version 3.5.1
[2022-05-21 12:39:25,835] multiqc.modules.fastqc.fastqc                      [INFO   ]  Found 11 reports
[2022-05-21 12:39:25,943] multiqc                                            [INFO   ]  Compressing plot data
[2022-05-21 12:39:26,087] multiqc                                            [INFO   ]  Report      : outputs/multiqc_report_raw/KAPA_mRNA_HyperPrep_-UHRR-KAPA-100_ng_total_RNA-3_S8_L001_R1_001_multiqc_report.html
[2022-05-21 12:39:26,087] multiqc                                            [INFO   ]  Data        : outputs/multiqc_report_raw/KAPA_mRNA_HyperPrep_-UHRR-KAPA-100_ng_total_RNA-3_S8_L001_R1_001_multiqc_report_data
[2022-05-21 12:39:26,087] multiqc                                            [DEBUG  ]  Moving data file from '/tmp/tmpsvy63ffb/multiqc_data' to '/home/egle/Desktop/SystemBiology/Transcriptomics/snake/collibri-snakemake/outputs/multiqc_report_raw/KAPA_mRNA_HyperPrep_-UHRR-KAPA-100_ng_total_RNA-3_S8_L001_R1_001_multiqc_report_data'
[2022-05-21 12:39:26,192] multiqc                                            [INFO   ]  MultiQC complete
