[2022-05-16 19:24:08,452] multiqc                                            [DEBUG  ]  This is MultiQC v1.12
[2022-05-16 19:24:08,452] multiqc                                            [DEBUG  ]  No MultiQC config found: /usr/local/lib/python3.8/dist-packages/multiqc_config.yaml
[2022-05-16 19:24:08,452] multiqc                                            [DEBUG  ]  No MultiQC config found: /home/egle/.multiqc_config.yaml
[2022-05-16 19:24:08,452] multiqc                                            [DEBUG  ]  No MultiQC config found: multiqc_config.yaml
[2022-05-16 19:24:08,452] multiqc                                            [DEBUG  ]  Command used: /usr/local/bin/multiqc ./outputs/fastqc_raw/ -n outputs/multiqc_report_raw/KAPA_mRNA_HyperPrep_-UHRR-KAPA-100_ng_total_RNA-3_S8_L001_R2_001_multiqc_report.html
[2022-05-16 19:24:08,921] multiqc                                            [DEBUG  ]  Latest MultiQC version is v1.12
[2022-05-16 19:24:08,922] multiqc                                            [DEBUG  ]  Command     : /usr/local/bin/multiqc ./outputs/fastqc_raw/ -n outputs/multiqc_report_raw/KAPA_mRNA_HyperPrep_-UHRR-KAPA-100_ng_total_RNA-3_S8_L001_R2_001_multiqc_report.html
[2022-05-16 19:24:08,922] multiqc                                            [DEBUG  ]  Working dir : /home/egle/Desktop/SystemBiology/Transcriptomics/snake/collibri-snakemake
[2022-05-16 19:24:08,922] multiqc                                            [DEBUG  ]  Template    : default
[2022-05-16 19:24:08,922] multiqc                                            [DEBUG  ]  Running Python 3.8.10 (default, Mar 15 2022, 12:22:08)  [GCC 9.4.0]
[2022-05-16 19:24:08,922] multiqc                                            [DEBUG  ]  Analysing modules: custom_content, ccs, ngsderive, purple, conpair, lima, peddy, somalier, methylQA, mosdepth, phantompeakqualtools, qualimap, preseq, quast, qorts, rna_seqc, rockhopper, rsem, rseqc, busco, bustools, goleft_indexcov, gffcompare, disambiguate, supernova, deeptools, sargasso, verifybamid, mirtrace, happy, mirtop, sambamba, homer, hops, macs2, theta2, snpeff, gatk, htseq, bcftools, featureCounts, fgbio, dragen, dedup, pbmarkdup, damageprofiler, biobambam2, jcvi, mtnucratio, picard, vep, sentieon, prokka, qc3C, nanostat, samblaster, samtools, sexdeterrmine, eigenstratdatabasetools, bamtools, jellyfish, vcftools, longranger, stacks, varscan2, snippy, bbmap, bismark, biscuit, hicexplorer, hicup, hicpro, salmon, kallisto, slamdunk, star, hisat2, tophat, bowtie2, bowtie1, snpsplit, odgi, pangolin, kat, leehom, adapterRemoval, clipandmerge, cutadapt, flexbar, kaiju, kraken, malt, trimmomatic, sickle, skewer, sortmerna, biobloomtools, fastq_screen, afterqc, fastp, fastqc, pychopper, pycoqc, minionqc, multivcfanalyzer, clusterflow, checkqc, bcl2fastq, bclconvert, interop, ivar, flash, seqyclean, optitype, whatshap
[2022-05-16 19:24:08,923] multiqc                                            [DEBUG  ]  Using temporary directory for creating report: /tmp/tmpu4cu8rms
[2022-05-16 19:24:09,050] multiqc                                            [INFO   ]  Search path : /home/egle/Desktop/SystemBiology/Transcriptomics/snake/collibri-snakemake/outputs/fastqc_raw
[2022-05-16 19:24:09,112] multiqc                                            [DEBUG  ]  File ignored by ccs/v4 because it exceeded search pattern filesize limit: Collibri_standard_protocol-HBR-Collibri-100_ng-2_S1_L001_R1_001_fastqc.html
[2022-05-16 19:24:09,114] multiqc                                            [DEBUG  ]  File ignored by hicexplorer because it exceeded search pattern filesize limit: Collibri_standard_protocol-HBR-Collibri-100_ng-2_S1_L001_R1_001_fastqc.html
[2022-05-16 19:24:09,114] multiqc                                            [DEBUG  ]  File ignored by lima/summary because it exceeded search pattern filesize limit: Collibri_standard_protocol-HBR-Collibri-100_ng-2_S1_L001_R1_001_fastqc.html
[2022-05-16 19:24:09,118] multiqc                                            [DEBUG  ]  File ignored by vep/vep_txt because it exceeded search pattern filesize limit: Collibri_standard_protocol-HBR-Collibri-100_ng-2_S1_L001_R1_001_fastqc.html
[2022-05-16 19:24:09,118] multiqc                                            [DEBUG  ]  File ignored by longranger/invocation because it exceeded search pattern filesize limit: Collibri_standard_protocol-HBR-Collibri-100_ng-2_S1_L001_R1_001_fastqc.html
[2022-05-16 19:24:09,118] multiqc                                            [DEBUG  ]  File ignored by rockhopper because it exceeded search pattern filesize limit: Collibri_standard_protocol-HBR-Collibri-100_ng-2_S1_L001_R1_001_fastqc.html
[2022-05-16 19:24:09,118] multiqc                                            [DEBUG  ]  File ignored by rseqc/bam_stat because it exceeded search pattern filesize limit: Collibri_standard_protocol-HBR-Collibri-100_ng-2_S1_L001_R1_001_fastqc.html
[2022-05-16 19:24:09,118] multiqc                                            [DEBUG  ]  File ignored by rseqc/junction_annotation because it exceeded search pattern filesize limit: Collibri_standard_protocol-HBR-Collibri-100_ng-2_S1_L001_R1_001_fastqc.html
[2022-05-16 19:24:09,118] multiqc                                            [DEBUG  ]  File ignored by rseqc/read_distribution because it exceeded search pattern filesize limit: Collibri_standard_protocol-HBR-Collibri-100_ng-2_S1_L001_R1_001_fastqc.html
[2022-05-16 19:24:09,118] multiqc                                            [DEBUG  ]  File ignored by rseqc/infer_experiment because it exceeded search pattern filesize limit: Collibri_standard_protocol-HBR-Collibri-100_ng-2_S1_L001_R1_001_fastqc.html
[2022-05-16 19:24:09,177] multiqc                                            [DEBUG  ]  File ignored by nanostat because it exceeded search pattern filesize limit: Collibri_standard_protocol-HBR-Collibri-100_ng-2_S1_L001_R1_001_fastqc.html
[2022-05-16 19:24:09,184] multiqc                                            [DEBUG  ]  File ignored by ccs/v4 because it exceeded search pattern filesize limit: KAPA_mRNA_HyperPrep_-UHRR-KAPA-100_ng_total_RNA-3_S8_L001_R2_001_fastqc.html
[2022-05-16 19:24:09,185] multiqc                                            [DEBUG  ]  File ignored by hicexplorer because it exceeded search pattern filesize limit: KAPA_mRNA_HyperPrep_-UHRR-KAPA-100_ng_total_RNA-3_S8_L001_R2_001_fastqc.html
[2022-05-16 19:24:09,185] multiqc                                            [DEBUG  ]  File ignored by lima/summary because it exceeded search pattern filesize limit: KAPA_mRNA_HyperPrep_-UHRR-KAPA-100_ng_total_RNA-3_S8_L001_R2_001_fastqc.html
[2022-05-16 19:24:09,187] multiqc                                            [DEBUG  ]  File ignored by vep/vep_txt because it exceeded search pattern filesize limit: KAPA_mRNA_HyperPrep_-UHRR-KAPA-100_ng_total_RNA-3_S8_L001_R2_001_fastqc.html
[2022-05-16 19:24:09,187] multiqc                                            [DEBUG  ]  File ignored by longranger/invocation because it exceeded search pattern filesize limit: KAPA_mRNA_HyperPrep_-UHRR-KAPA-100_ng_total_RNA-3_S8_L001_R2_001_fastqc.html
[2022-05-16 19:24:09,187] multiqc                                            [DEBUG  ]  File ignored by rockhopper because it exceeded search pattern filesize limit: KAPA_mRNA_HyperPrep_-UHRR-KAPA-100_ng_total_RNA-3_S8_L001_R2_001_fastqc.html
[2022-05-16 19:24:09,187] multiqc                                            [DEBUG  ]  File ignored by rseqc/bam_stat because it exceeded search pattern filesize limit: KAPA_mRNA_HyperPrep_-UHRR-KAPA-100_ng_total_RNA-3_S8_L001_R2_001_fastqc.html
[2022-05-16 19:24:09,187] multiqc                                            [DEBUG  ]  File ignored by rseqc/junction_annotation because it exceeded search pattern filesize limit: KAPA_mRNA_HyperPrep_-UHRR-KAPA-100_ng_total_RNA-3_S8_L001_R2_001_fastqc.html
[2022-05-16 19:24:09,187] multiqc                                            [DEBUG  ]  File ignored by rseqc/read_distribution because it exceeded search pattern filesize limit: KAPA_mRNA_HyperPrep_-UHRR-KAPA-100_ng_total_RNA-3_S8_L001_R2_001_fastqc.html
[2022-05-16 19:24:09,187] multiqc                                            [DEBUG  ]  File ignored by rseqc/infer_experiment because it exceeded search pattern filesize limit: KAPA_mRNA_HyperPrep_-UHRR-KAPA-100_ng_total_RNA-3_S8_L001_R2_001_fastqc.html
[2022-05-16 19:24:09,234] multiqc                                            [DEBUG  ]  File ignored by nanostat because it exceeded search pattern filesize limit: KAPA_mRNA_HyperPrep_-UHRR-KAPA-100_ng_total_RNA-3_S8_L001_R2_001_fastqc.html
[2022-05-16 19:24:09,911] multiqc.plots.linegraph                            [DEBUG  ]  Using matplotlib version 3.5.1
[2022-05-16 19:24:09,911] multiqc.plots.bargraph                             [DEBUG  ]  Using matplotlib version 3.5.1
[2022-05-16 19:24:10,197] multiqc.modules.fastqc.fastqc                      [INFO   ]  Found 2 reports
[2022-05-16 19:24:10,244] multiqc                                            [INFO   ]  Compressing plot data
[2022-05-16 19:24:10,282] multiqc                                            [INFO   ]  Report      : outputs/multiqc_report_raw/KAPA_mRNA_HyperPrep_-UHRR-KAPA-100_ng_total_RNA-3_S8_L001_R2_001_multiqc_report.html
[2022-05-16 19:24:10,282] multiqc                                            [INFO   ]  Data        : outputs/multiqc_report_raw/KAPA_mRNA_HyperPrep_-UHRR-KAPA-100_ng_total_RNA-3_S8_L001_R2_001_multiqc_report_data
[2022-05-16 19:24:10,282] multiqc                                            [DEBUG  ]  Moving data file from '/tmp/tmpu4cu8rms/multiqc_data' to '/home/egle/Desktop/SystemBiology/Transcriptomics/snake/collibri-snakemake/outputs/multiqc_report_raw/KAPA_mRNA_HyperPrep_-UHRR-KAPA-100_ng_total_RNA-3_S8_L001_R2_001_multiqc_report_data'
[2022-05-16 19:24:10,376] multiqc                                            [INFO   ]  MultiQC complete
